0 info it worked if it ends with ok
1 verbose cli [ '/Users/purge/.config/fnm/bin/node',
1 verbose cli   '/Users/purge/.config/fnm/bin/npm',
1 verbose cli   'run',
1 verbose cli   'dev' ]
2 info using npm@3.10.10
3 info using node@v8.11.1
4 verbose run-script [ 'predev', 'dev', 'postdev' ]
5 info lifecycle obaat@1.0.0~predev: obaat@1.0.0
6 silly lifecycle obaat@1.0.0~predev: no script for predev, continuing
7 info lifecycle obaat@1.0.0~dev: obaat@1.0.0
8 verbose lifecycle obaat@1.0.0~dev: unsafe-perm in lifecycle true
9 verbose lifecycle obaat@1.0.0~dev: PATH: /Users/purge/.config/fnm/lib/node_modules/npm/bin/node-gyp-bin:/Users/purge/dev/obaat/next/node_modules/.bin:/Users/purge/.config/fnm/bin:/Users/purge/.rbenv/shims:/Users/purge/.plenv/shims:/Users/purge/.plenv/bin:/Users/purge/.tmuxifier/bin:/Users/purge/.rbenv/shims:/Users/purge/.plenv/shims:/Users/purge/.plenv/bin:/Users/purge/.config/fnm/bin:/usr/local/bin:/usr/bin:/bin:/usr/sbin:/sbin:/opt/X11/bin
10 verbose lifecycle obaat@1.0.0~dev: CWD: /Users/purge/dev/obaat/next
11 silly lifecycle obaat@1.0.0~dev: Args: [ '-c', 'PORT=4001 react-static start' ]
12 silly lifecycle obaat@1.0.0~dev: Returned: code: 1  signal: null
13 info lifecycle obaat@1.0.0~dev: Failed to exec dev script
14 verbose stack Error: obaat@1.0.0 dev: `PORT=4001 react-static start`
14 verbose stack Exit status 1
14 verbose stack     at EventEmitter.<anonymous> (/Users/purge/.config/fnm/lib/node_modules/npm/lib/utils/lifecycle.js:255:16)
14 verbose stack     at emitTwo (events.js:126:13)
14 verbose stack     at EventEmitter.emit (events.js:214:7)
14 verbose stack     at ChildProcess.<anonymous> (/Users/purge/.config/fnm/lib/node_modules/npm/lib/utils/spawn.js:40:14)
14 verbose stack     at emitTwo (events.js:126:13)
14 verbose stack     at ChildProcess.emit (events.js:214:7)
14 verbose stack     at maybeClose (internal/child_process.js:925:16)
14 verbose stack     at Process.ChildProcess._handle.onexit (internal/child_process.js:209:5)
15 verbose pkgid obaat@1.0.0
16 verbose cwd /Users/purge/dev/obaat/next
17 error Darwin 17.5.0
18 error argv "/Users/purge/.config/fnm/bin/node" "/Users/purge/.config/fnm/bin/npm" "run" "dev"
19 error node v8.11.1
20 error npm  v3.10.10
21 error code ELIFECYCLE
22 error obaat@1.0.0 dev: `PORT=4001 react-static start`
22 error Exit status 1
23 error Failed at the obaat@1.0.0 dev script 'PORT=4001 react-static start'.
23 error Make sure you have the latest version of node.js and npm installed.
23 error If you do, this is most likely a problem with the obaat package,
23 error not with npm itself.
23 error Tell the author that this fails on your system:
23 error     PORT=4001 react-static start
23 error You can get information on how to open an issue for this project with:
23 error     npm bugs obaat
23 error Or if that isn't available, you can get their info via:
23 error     npm owner ls obaat
23 error There is likely additional logging output above.
24 verbose exit [ 1, true ]
